This file contains any messages produced by compilers while
running configure, to aid debugging if configure makes a mistake.

It was created by ngtcp2 configure 0.1.0-DEV, which was
generated by GNU Autoconf 2.69.  Invocation command line was

  $ ./configure PKG_CONFIG_PATH=/home/puneetkumar/multiplexing/openflow_quic/quic_code/../openssl/build/lib/pkgconfig LDFLAGS=-Wl,-rpath,/home/puneetkumar/multiplexing/openflow_quic/quic_code/../openssl/build/lib

## --------- ##
## Platform. ##
## --------- ##

hostname = ubuntu
uname -m = x86_64
uname -r = 5.4.0-58-generic
uname -s = Linux
uname -v = #64~18.04.1-Ubuntu SMP Wed Dec 9 17:11:11 UTC 2020

/usr/bin/uname -p = unknown
/bin/uname -X     = unknown

/bin/arch              = unknown
/usr/bin/arch -k       = unknown
/usr/convex/getsysinfo = unknown
/usr/bin/hostinfo      = unknown
/bin/machine           = unknown
/usr/bin/oslevel       = unknown
/bin/universe          = unknown

PATH: /home/puneetkumar/.rbenv/shims
PATH: /home/puneetkumar/.rbenv/bin
PATH: /home/puneetkumar/.rvm/gems/ruby-2.5.1/bin
PATH: /home/puneetkumar/.rvm/gems/ruby-2.5.1@global/bin
PATH: /home/puneetkumar/.rvm/rubies/ruby-2.5.1/bin
PATH: /home/puneetkumar/.local/bin
PATH: /usr/local/sbin
PATH: /usr/local/bin
PATH: /usr/sbin
PATH: /usr/bin
PATH: /sbin
PATH: /bin
PATH: /usr/games
PATH: /usr/local/games
PATH: /usr/local/ssl/bin
PATH: /snap/bin
PATH: /home/puneetkumar/.rvm/bin
PATH: /home/puneetkumar/.rvm/bin


## ----------- ##
## Core tests. ##
## ----------- ##

configure:2678: checking for gcc
configure:2694: found /usr/bin/gcc
configure:2705: result: gcc
configure:2934: checking for C compiler version
configure:2943: gcc --version >&5
gcc (Ubuntu 7.5.0-3ubuntu1~18.04) 7.5.0
Copyright (C) 2017 Free Software Foundation, Inc.
This is free software; see the source for copying conditions.  There is NO
warranty; not even for MERCHANTABILITY or FITNESS FOR A PARTICULAR PURPOSE.

configure:2954: $? = 0
configure:2943: gcc -v >&5
Using built-in specs.
COLLECT_GCC=gcc
COLLECT_LTO_WRAPPER=/usr/lib/gcc/x86_64-linux-gnu/7/lto-wrapper
OFFLOAD_TARGET_NAMES=nvptx-none
OFFLOAD_TARGET_DEFAULT=1
Target: x86_64-linux-gnu
Configured with: ../src/configure -v --with-pkgversion='Ubuntu 7.5.0-3ubuntu1~18.04' --with-bugurl=file:///usr/share/doc/gcc-7/README.Bugs --enable-languages=c,ada,c++,go,brig,d,fortran,objc,obj-c++ --prefix=/usr --with-gcc-major-version-only --program-suffix=-7 --program-prefix=x86_64-linux-gnu- --enable-shared --enable-linker-build-id --libexecdir=/usr/lib --without-included-gettext --enable-threads=posix --libdir=/usr/lib --enable-nls --enable-bootstrap --enable-clocale=gnu --enable-libstdcxx-debug --enable-libstdcxx-time=yes --with-default-libstdcxx-abi=new --enable-gnu-unique-object --disable-vtable-verify --enable-libmpx --enable-plugin --enable-default-pie --with-system-zlib --with-target-system-zlib --enable-objc-gc=auto --enable-multiarch --disable-werror --with-arch-32=i686 --with-abi=m64 --with-multilib-list=m32,m64,mx32 --enable-multilib --with-tune=generic --enable-offload-targets=nvptx-none --without-cuda-driver --enable-checking=release --build=x86_64-linux-gnu --host=x86_64-linux-gnu --target=x86_64-linux-gnu
Thread model: posix
gcc version 7.5.0 (Ubuntu 7.5.0-3ubuntu1~18.04) 
configure:2954: $? = 0
configure:2943: gcc -V >&5
gcc: error: unrecognized command line option '-V'
gcc: fatal error: no input files
compilation terminated.
configure:2954: $? = 1
configure:2943: gcc -qversion >&5
gcc: error: unrecognized command line option '-qversion'; did you mean '--version'?
gcc: fatal error: no input files
compilation terminated.
configure:2954: $? = 1
configure:2974: checking whether the C compiler works
configure:2996: gcc   -Wl,-rpath,/home/puneetkumar/multiplexing/openflow_quic/quic_code/../openssl/build/lib conftest.c  >&5
configure:3000: $? = 0
configure:3048: result: yes
configure:3051: checking for C compiler default output file name
configure:3053: result: a.out
configure:3059: checking for suffix of executables
configure:3066: gcc -o conftest   -Wl,-rpath,/home/puneetkumar/multiplexing/openflow_quic/quic_code/../openssl/build/lib conftest.c  >&5
configure:3070: $? = 0
configure:3092: result: 
configure:3114: checking whether we are cross compiling
configure:3122: gcc -o conftest   -Wl,-rpath,/home/puneetkumar/multiplexing/openflow_quic/quic_code/../openssl/build/lib conftest.c  >&5
configure:3126: $? = 0
configure:3133: ./conftest
configure:3137: $? = 0
configure:3152: result: no
configure:3157: checking for suffix of object files
configure:3179: gcc -c   conftest.c >&5
configure:3183: $? = 0
configure:3204: result: o
configure:3208: checking whether we are using the GNU C compiler
configure:3227: gcc -c   conftest.c >&5
configure:3227: $? = 0
configure:3236: result: yes
configure:3245: checking whether gcc accepts -g
configure:3265: gcc -c -g  conftest.c >&5
configure:3265: $? = 0
configure:3306: result: yes
configure:3323: checking for gcc option to accept ISO C89
configure:3386: gcc  -c -g -O2  conftest.c >&5
configure:3386: $? = 0
configure:3399: result: none needed
configure:3424: checking whether gcc understands -c and -o together
configure:3446: gcc -c conftest.c -o conftest2.o
configure:3449: $? = 0
configure:3446: gcc -c conftest.c -o conftest2.o
configure:3449: $? = 0
configure:3461: result: yes
configure:3484: checking how to run the C preprocessor
configure:3515: gcc -E  conftest.c
configure:3515: $? = 0
configure:3529: gcc -E  conftest.c
conftest.c:9:10: fatal error: ac_nonexistent.h: No such file or directory
 #include <ac_nonexistent.h>
          ^~~~~~~~~~~~~~~~~~
compilation terminated.
configure:3529: $? = 1
configure: failed program was:
| /* confdefs.h */
| #define PACKAGE_NAME "ngtcp2"
| #define PACKAGE_TARNAME "ngtcp2"
| #define PACKAGE_VERSION "0.1.0-DEV"
| #define PACKAGE_STRING "ngtcp2 0.1.0-DEV"
| #define PACKAGE_BUGREPORT "t-tujikawa@users.sourceforge.net"
| #define PACKAGE_URL ""
| /* end confdefs.h.  */
| #include <ac_nonexistent.h>
configure:3554: result: gcc -E
configure:3574: gcc -E  conftest.c
configure:3574: $? = 0
configure:3588: gcc -E  conftest.c
conftest.c:9:10: fatal error: ac_nonexistent.h: No such file or directory
 #include <ac_nonexistent.h>
          ^~~~~~~~~~~~~~~~~~
compilation terminated.
configure:3588: $? = 1
configure: failed program was:
| /* confdefs.h */
| #define PACKAGE_NAME "ngtcp2"
| #define PACKAGE_TARNAME "ngtcp2"
| #define PACKAGE_VERSION "0.1.0-DEV"
| #define PACKAGE_STRING "ngtcp2 0.1.0-DEV"
| #define PACKAGE_BUGREPORT "t-tujikawa@users.sourceforge.net"
| #define PACKAGE_URL ""
| /* end confdefs.h.  */
| #include <ac_nonexistent.h>
configure:3617: checking for grep that handles long lines and -e
configure:3675: result: /bin/grep
configure:3680: checking for egrep
configure:3742: result: /bin/grep -E
configure:3747: checking for ANSI C header files
configure:3767: gcc -c -g -O2  conftest.c >&5
configure:3767: $? = 0
configure:3840: gcc -o conftest -g -O2  -Wl,-rpath,/home/puneetkumar/multiplexing/openflow_quic/quic_code/../openssl/build/lib conftest.c  >&5
configure:3840: $? = 0
configure:3840: ./conftest
configure:3840: $? = 0
configure:3851: result: yes
configure:3864: checking for sys/types.h
configure:3864: gcc -c -g -O2  conftest.c >&5
configure:3864: $? = 0
configure:3864: result: yes
configure:3864: checking for sys/stat.h
configure:3864: gcc -c -g -O2  conftest.c >&5
configure:3864: $? = 0
configure:3864: result: yes
configure:3864: checking for stdlib.h
configure:3864: gcc -c -g -O2  conftest.c >&5
configure:3864: $? = 0
configure:3864: result: yes
configure:3864: checking for string.h
configure:3864: gcc -c -g -O2  conftest.c >&5
configure:3864: $? = 0
configure:3864: result: yes
configure:3864: checking for memory.h
configure:3864: gcc -c -g -O2  conftest.c >&5
configure:3864: $? = 0
configure:3864: result: yes
configure:3864: checking for strings.h
configure:3864: gcc -c -g -O2  conftest.c >&5
configure:3864: $? = 0
configure:3864: result: yes
configure:3864: checking for inttypes.h
configure:3864: gcc -c -g -O2  conftest.c >&5
configure:3864: $? = 0
configure:3864: result: yes
configure:3864: checking for stdint.h
configure:3864: gcc -c -g -O2  conftest.c >&5
configure:3864: $? = 0
configure:3864: result: yes
configure:3864: checking for unistd.h
configure:3864: gcc -c -g -O2  conftest.c >&5
configure:3864: $? = 0
configure:3864: result: yes
configure:3877: checking minix/config.h usability
configure:3877: gcc -c -g -O2  conftest.c >&5
conftest.c:52:10: fatal error: minix/config.h: No such file or directory
 #include <minix/config.h>
          ^~~~~~~~~~~~~~~~
compilation terminated.
configure:3877: $? = 1
configure: failed program was:
| /* confdefs.h */
| #define PACKAGE_NAME "ngtcp2"
| #define PACKAGE_TARNAME "ngtcp2"
| #define PACKAGE_VERSION "0.1.0-DEV"
| #define PACKAGE_STRING "ngtcp2 0.1.0-DEV"
| #define PACKAGE_BUGREPORT "t-tujikawa@users.sourceforge.net"
| #define PACKAGE_URL ""
| #define STDC_HEADERS 1
| #define HAVE_SYS_TYPES_H 1
| #define HAVE_SYS_STAT_H 1
| #define HAVE_STDLIB_H 1
| #define HAVE_STRING_H 1
| #define HAVE_MEMORY_H 1
| #define HAVE_STRINGS_H 1
| #define HAVE_INTTYPES_H 1
| #define HAVE_STDINT_H 1
| #define HAVE_UNISTD_H 1
| /* end confdefs.h.  */
| #include <stdio.h>
| #ifdef HAVE_SYS_TYPES_H
| # include <sys/types.h>
| #endif
| #ifdef HAVE_SYS_STAT_H
| # include <sys/stat.h>
| #endif
| #ifdef STDC_HEADERS
| # include <stdlib.h>
| # include <stddef.h>
| #else
| # ifdef HAVE_STDLIB_H
| #  include <stdlib.h>
| # endif
| #endif
| #ifdef HAVE_STRING_H
| # if !defined STDC_HEADERS && defined HAVE_MEMORY_H
| #  include <memory.h>
| # endif
| # include <string.h>
| #endif
| #ifdef HAVE_STRINGS_H
| # include <strings.h>
| #endif
| #ifdef HAVE_INTTYPES_H
| # include <inttypes.h>
| #endif
| #ifdef HAVE_STDINT_H
| # include <stdint.h>
| #endif
| #ifdef HAVE_UNISTD_H
| # include <unistd.h>
| #endif
| #include <minix/config.h>
configure:3877: result: no
configure:3877: checking minix/config.h presence
configure:3877: gcc -E  conftest.c
conftest.c:19:10: fatal error: minix/config.h: No such file or directory
 #include <minix/config.h>
          ^~~~~~~~~~~~~~~~
compilation terminated.
configure:3877: $? = 1
configure: failed program was:
| /* confdefs.h */
| #define PACKAGE_NAME "ngtcp2"
| #define PACKAGE_TARNAME "ngtcp2"
| #define PACKAGE_VERSION "0.1.0-DEV"
| #define PACKAGE_STRING "ngtcp2 0.1.0-DEV"
| #define PACKAGE_BUGREPORT "t-tujikawa@users.sourceforge.net"
| #define PACKAGE_URL ""
| #define STDC_HEADERS 1
| #define HAVE_SYS_TYPES_H 1
| #define HAVE_SYS_STAT_H 1
| #define HAVE_STDLIB_H 1
| #define HAVE_STRING_H 1
| #define HAVE_MEMORY_H 1
| #define HAVE_STRINGS_H 1
| #define HAVE_INTTYPES_H 1
| #define HAVE_STDINT_H 1
| #define HAVE_UNISTD_H 1
| /* end confdefs.h.  */
| #include <minix/config.h>
configure:3877: result: no
configure:3877: checking for minix/config.h
configure:3877: result: no
configure:3898: checking whether it is safe to define __EXTENSIONS__
configure:3916: gcc -c -g -O2  conftest.c >&5
configure:3916: $? = 0
configure:3923: result: yes
configure:3968: checking build system type
configure:3982: result: x86_64-pc-linux-gnu
configure:4002: checking host system type
configure:4015: result: x86_64-pc-linux-gnu
configure:4056: checking how to print strings
configure:4083: result: printf
configure:4104: checking for a sed that does not truncate output
configure:4168: result: /bin/sed
configure:4186: checking for fgrep
configure:4248: result: /bin/grep -F
configure:4283: checking for ld used by gcc
configure:4350: result: /usr/bin/ld
configure:4357: checking if the linker (/usr/bin/ld) is GNU ld
configure:4372: result: yes
configure:4384: checking for BSD- or MS-compatible name lister (nm)
configure:4438: result: /usr/bin/nm -B
configure:4568: checking the name lister (/usr/bin/nm -B) interface
configure:4575: gcc -c -g -O2  conftest.c >&5
configure:4578: /usr/bin/nm -B "conftest.o"
configure:4581: output
0000000000000000 B some_variable
configure:4588: result: BSD nm
configure:4591: checking whether ln -s works
configure:4595: result: yes
configure:4603: checking the maximum length of command line arguments
configure:4734: result: 1572864
configure:4782: checking how to convert x86_64-pc-linux-gnu file names to x86_64-pc-linux-gnu format
configure:4822: result: func_convert_file_noop
configure:4829: checking how to convert x86_64-pc-linux-gnu file names to toolchain format
configure:4849: result: func_convert_file_noop
configure:4856: checking for /usr/bin/ld option to reload object files
configure:4863: result: -r
configure:4937: checking for objdump
configure:4953: found /usr/bin/objdump
configure:4964: result: objdump
configure:4996: checking how to recognize dependent libraries
configure:5196: result: pass_all
configure:5281: checking for dlltool
configure:5311: result: no
configure:5341: checking how to associate runtime and link libraries
configure:5368: result: printf %s\n
configure:5428: checking for ar
configure:5444: found /usr/bin/ar
configure:5455: result: ar
configure:5492: checking for archiver @FILE support
configure:5509: gcc -c -g -O2  conftest.c >&5
configure:5509: $? = 0
configure:5512: ar cru libconftest.a @conftest.lst >&5
ar: `u' modifier ignored since `D' is the default (see `U')
configure:5515: $? = 0
configure:5520: ar cru libconftest.a @conftest.lst >&5
ar: `u' modifier ignored since `D' is the default (see `U')
ar: conftest.o: No such file or directory
configure:5523: $? = 1
configure:5535: result: @
configure:5593: checking for strip
configure:5609: found /usr/bin/strip
configure:5620: result: strip
configure:5692: checking for ranlib
configure:5708: found /usr/bin/ranlib
configure:5719: result: ranlib
configure:5796: checking for gawk
configure:5812: found /usr/bin/gawk
configure:5823: result: gawk
configure:5863: checking command to parse /usr/bin/nm -B output from gcc object
configure:6016: gcc -c -g -O2  conftest.c >&5
configure:6019: $? = 0
configure:6023: /usr/bin/nm -B conftest.o \| sed -n -e 's/^.*[ ]\([ABCDGIRSTW][ABCDGIRSTW]*\)[ ][ ]*\([_A-Za-z][_A-Za-z0-9]*\)$/\1 \2 \2/p' | sed '/ __gnu_lto/d' \> conftest.nm
configure:6026: $? = 0
configure:6092: gcc -o conftest -g -O2  -Wl,-rpath,/home/puneetkumar/multiplexing/openflow_quic/quic_code/../openssl/build/lib conftest.c conftstm.o >&5
configure:6095: $? = 0
configure:6133: result: ok
configure:6180: checking for sysroot
configure:6210: result: no
configure:6217: checking for a working dd
configure:6255: result: /bin/dd
configure:6259: checking how to truncate binary pipes
configure:6274: result: /bin/dd bs=4096 count=1
configure:6410: gcc -c -g -O2  conftest.c >&5
configure:6413: $? = 0
configure:6603: checking for mt
configure:6619: found /bin/mt
configure:6630: result: mt
configure:6653: checking if mt is a manifest tool
configure:6659: mt '-?'
configure:6667: result: no
configure:7341: checking for dlfcn.h
configure:7341: gcc -c -g -O2  conftest.c >&5
configure:7341: $? = 0
configure:7341: result: yes
configure:7597: checking for objdir
configure:7612: result: .libs
configure:7876: checking if gcc supports -fno-rtti -fno-exceptions
configure:7894: gcc -c -g -O2  -fno-rtti -fno-exceptions conftest.c >&5
cc1: warning: command line option '-fno-rtti' is valid for C++/ObjC++ but not for C
configure:7898: $? = 0
configure:7911: result: no
configure:8269: checking for gcc option to produce PIC
configure:8276: result: -fPIC -DPIC
configure:8284: checking if gcc PIC flag -fPIC -DPIC works
configure:8302: gcc -c -g -O2  -fPIC -DPIC -DPIC conftest.c >&5
configure:8306: $? = 0
configure:8319: result: yes
configure:8348: checking if gcc static flag -static works
configure:8376: result: yes
configure:8391: checking if gcc supports -c -o file.o
configure:8412: gcc -c -g -O2  -o out/conftest2.o conftest.c >&5
configure:8416: $? = 0
configure:8438: result: yes
configure:8446: checking if gcc supports -c -o file.o
configure:8493: result: yes
configure:8526: checking whether the gcc linker (/usr/bin/ld -m elf_x86_64) supports shared libraries
configure:9789: result: yes
configure:9826: checking whether -lc should be explicitly linked in
configure:9834: gcc -c -g -O2  conftest.c >&5
configure:9837: $? = 0
configure:9852: gcc -shared  -fPIC -DPIC conftest.o  -v -Wl,-soname -Wl,conftest -o conftest 2\>\&1 \| /bin/grep  -lc  \>/dev/null 2\>\&1
configure:9855: $? = 0
configure:9869: result: no
configure:10029: checking dynamic linker characteristics
configure:10610: gcc -o conftest -g -O2  -Wl,-rpath,/home/puneetkumar/multiplexing/openflow_quic/quic_code/../openssl/build/lib -Wl,-rpath -Wl,/foo conftest.c  >&5
configure:10610: $? = 0
configure:10859: result: GNU/Linux ld.so
configure:10981: checking how to hardcode library paths into programs
configure:11006: result: immediate
configure:11554: checking whether stripping libraries is possible
configure:11559: result: yes
configure:11594: checking if libtool supports shared libraries
configure:11596: result: yes
configure:11599: checking whether to build shared libraries
configure:11624: result: yes
configure:11627: checking whether to build static libraries
configure:11631: result: yes
configure:11671: checking target system type
configure:11684: result: x86_64-pc-linux-gnu
configure:11727: checking for a BSD-compatible install
configure:11795: result: /usr/bin/install -c
configure:11806: checking whether build environment is sane
configure:11861: result: yes
configure:12009: checking for a thread-safe mkdir -p
configure:12048: result: /bin/mkdir -p
configure:12051: checking whether make sets $(MAKE)
configure:12073: result: yes
configure:12103: checking for style of include used by make
configure:12131: result: GNU
configure:12165: checking whether make supports nested variables
configure:12182: result: yes
configure:12267: checking dependency style of gcc
configure:12378: result: gcc3
configure:12448: checking whether make supports nested variables
configure:12465: result: yes
configure:12574: checking for gcc
configure:12601: result: gcc
configure:12830: checking for C compiler version
configure:12839: gcc --version >&5
gcc (Ubuntu 7.5.0-3ubuntu1~18.04) 7.5.0
Copyright (C) 2017 Free Software Foundation, Inc.
This is free software; see the source for copying conditions.  There is NO
warranty; not even for MERCHANTABILITY or FITNESS FOR A PARTICULAR PURPOSE.

configure:12850: $? = 0
configure:12839: gcc -v >&5
Using built-in specs.
COLLECT_GCC=gcc
COLLECT_LTO_WRAPPER=/usr/lib/gcc/x86_64-linux-gnu/7/lto-wrapper
OFFLOAD_TARGET_NAMES=nvptx-none
OFFLOAD_TARGET_DEFAULT=1
Target: x86_64-linux-gnu
Configured with: ../src/configure -v --with-pkgversion='Ubuntu 7.5.0-3ubuntu1~18.04' --with-bugurl=file:///usr/share/doc/gcc-7/README.Bugs --enable-languages=c,ada,c++,go,brig,d,fortran,objc,obj-c++ --prefix=/usr --with-gcc-major-version-only --program-suffix=-7 --program-prefix=x86_64-linux-gnu- --enable-shared --enable-linker-build-id --libexecdir=/usr/lib --without-included-gettext --enable-threads=posix --libdir=/usr/lib --enable-nls --enable-bootstrap --enable-clocale=gnu --enable-libstdcxx-debug --enable-libstdcxx-time=yes --with-default-libstdcxx-abi=new --enable-gnu-unique-object --disable-vtable-verify --enable-libmpx --enable-plugin --enable-default-pie --with-system-zlib --with-target-system-zlib --enable-objc-gc=auto --enable-multiarch --disable-werror --with-arch-32=i686 --with-abi=m64 --with-multilib-list=m32,m64,mx32 --enable-multilib --with-tune=generic --enable-offload-targets=nvptx-none --without-cuda-driver --enable-checking=release --build=x86_64-linux-gnu --host=x86_64-linux-gnu --target=x86_64-linux-gnu
Thread model: posix
gcc version 7.5.0 (Ubuntu 7.5.0-3ubuntu1~18.04) 
configure:12850: $? = 0
configure:12839: gcc -V >&5
gcc: error: unrecognized command line option '-V'
gcc: fatal error: no input files
compilation terminated.
configure:12850: $? = 1
configure:12839: gcc -qversion >&5
gcc: error: unrecognized command line option '-qversion'; did you mean '--version'?
gcc: fatal error: no input files
compilation terminated.
configure:12850: $? = 1
configure:12854: checking whether we are using the GNU C compiler
configure:12882: result: yes
configure:12891: checking whether gcc accepts -g
configure:12952: result: yes
configure:12969: checking for gcc option to accept ISO C89
configure:13045: result: none needed
configure:13070: checking whether gcc understands -c and -o together
configure:13107: result: yes
configure:13182: checking for g++
configure:13198: found /usr/bin/g++
configure:13209: result: g++
configure:13236: checking for C++ compiler version
configure:13245: g++ --version >&5
g++ (Ubuntu 7.5.0-3ubuntu1~18.04) 7.5.0
Copyright (C) 2017 Free Software Foundation, Inc.
This is free software; see the source for copying conditions.  There is NO
warranty; not even for MERCHANTABILITY or FITNESS FOR A PARTICULAR PURPOSE.

configure:13256: $? = 0
configure:13245: g++ -v >&5
Using built-in specs.
COLLECT_GCC=g++
COLLECT_LTO_WRAPPER=/usr/lib/gcc/x86_64-linux-gnu/7/lto-wrapper
OFFLOAD_TARGET_NAMES=nvptx-none
OFFLOAD_TARGET_DEFAULT=1
Target: x86_64-linux-gnu
Configured with: ../src/configure -v --with-pkgversion='Ubuntu 7.5.0-3ubuntu1~18.04' --with-bugurl=file:///usr/share/doc/gcc-7/README.Bugs --enable-languages=c,ada,c++,go,brig,d,fortran,objc,obj-c++ --prefix=/usr --with-gcc-major-version-only --program-suffix=-7 --program-prefix=x86_64-linux-gnu- --enable-shared --enable-linker-build-id --libexecdir=/usr/lib --without-included-gettext --enable-threads=posix --libdir=/usr/lib --enable-nls --enable-bootstrap --enable-clocale=gnu --enable-libstdcxx-debug --enable-libstdcxx-time=yes --with-default-libstdcxx-abi=new --enable-gnu-unique-object --disable-vtable-verify --enable-libmpx --enable-plugin --enable-default-pie --with-system-zlib --with-target-system-zlib --enable-objc-gc=auto --enable-multiarch --disable-werror --with-arch-32=i686 --with-abi=m64 --with-multilib-list=m32,m64,mx32 --enable-multilib --with-tune=generic --enable-offload-targets=nvptx-none --without-cuda-driver --enable-checking=release --build=x86_64-linux-gnu --host=x86_64-linux-gnu --target=x86_64-linux-gnu
Thread model: posix
gcc version 7.5.0 (Ubuntu 7.5.0-3ubuntu1~18.04) 
configure:13256: $? = 0
configure:13245: g++ -V >&5
g++: error: unrecognized command line option '-V'
g++: fatal error: no input files
compilation terminated.
configure:13256: $? = 1
configure:13245: g++ -qversion >&5
g++: error: unrecognized command line option '-qversion'; did you mean '--version'?
g++: fatal error: no input files
compilation terminated.
configure:13256: $? = 1
configure:13260: checking whether we are using the GNU C++ compiler
configure:13279: g++ -c   conftest.cpp >&5
configure:13279: $? = 0
configure:13288: result: yes
configure:13297: checking whether g++ accepts -g
configure:13317: g++ -c -g  conftest.cpp >&5
configure:13317: $? = 0
configure:13358: result: yes
configure:13399: checking how to run the C++ preprocessor
configure:13426: g++ -E  conftest.cpp
configure:13426: $? = 0
configure:13440: g++ -E  conftest.cpp
conftest.cpp:28:10: fatal error: ac_nonexistent.h: No such file or directory
 #include <ac_nonexistent.h>
          ^~~~~~~~~~~~~~~~~~
compilation terminated.
configure:13440: $? = 1
configure: failed program was:
| /* confdefs.h */
| #define PACKAGE_NAME "ngtcp2"
| #define PACKAGE_TARNAME "ngtcp2"
| #define PACKAGE_VERSION "0.1.0-DEV"
| #define PACKAGE_STRING "ngtcp2 0.1.0-DEV"
| #define PACKAGE_BUGREPORT "t-tujikawa@users.sourceforge.net"
| #define PACKAGE_URL ""
| #define STDC_HEADERS 1
| #define HAVE_SYS_TYPES_H 1
| #define HAVE_SYS_STAT_H 1
| #define HAVE_STDLIB_H 1
| #define HAVE_STRING_H 1
| #define HAVE_MEMORY_H 1
| #define HAVE_STRINGS_H 1
| #define HAVE_INTTYPES_H 1
| #define HAVE_STDINT_H 1
| #define HAVE_UNISTD_H 1
| #define __EXTENSIONS__ 1
| #define _ALL_SOURCE 1
| #define _GNU_SOURCE 1
| #define _POSIX_PTHREAD_SEMANTICS 1
| #define _TANDEM_SOURCE 1
| #define HAVE_DLFCN_H 1
| #define LT_OBJDIR ".libs/"
| #define PACKAGE "ngtcp2"
| #define VERSION "0.1.0-DEV"
| /* end confdefs.h.  */
| #include <ac_nonexistent.h>
configure:13465: result: g++ -E
configure:13485: g++ -E  conftest.cpp
configure:13485: $? = 0
configure:13499: g++ -E  conftest.cpp
conftest.cpp:28:10: fatal error: ac_nonexistent.h: No such file or directory
 #include <ac_nonexistent.h>
          ^~~~~~~~~~~~~~~~~~
compilation terminated.
configure:13499: $? = 1
configure: failed program was:
| /* confdefs.h */
| #define PACKAGE_NAME "ngtcp2"
| #define PACKAGE_TARNAME "ngtcp2"
| #define PACKAGE_VERSION "0.1.0-DEV"
| #define PACKAGE_STRING "ngtcp2 0.1.0-DEV"
| #define PACKAGE_BUGREPORT "t-tujikawa@users.sourceforge.net"
| #define PACKAGE_URL ""
| #define STDC_HEADERS 1
| #define HAVE_SYS_TYPES_H 1
| #define HAVE_SYS_STAT_H 1
| #define HAVE_STDLIB_H 1
| #define HAVE_STRING_H 1
| #define HAVE_MEMORY_H 1
| #define HAVE_STRINGS_H 1
| #define HAVE_INTTYPES_H 1
| #define HAVE_STDINT_H 1
| #define HAVE_UNISTD_H 1
| #define __EXTENSIONS__ 1
| #define _ALL_SOURCE 1
| #define _GNU_SOURCE 1
| #define _POSIX_PTHREAD_SEMANTICS 1
| #define _TANDEM_SOURCE 1
| #define HAVE_DLFCN_H 1
| #define LT_OBJDIR ".libs/"
| #define PACKAGE "ngtcp2"
| #define VERSION "0.1.0-DEV"
| /* end confdefs.h.  */
| #include <ac_nonexistent.h>
configure:13661: checking for ld used by g++
configure:13728: result: /usr/bin/ld -m elf_x86_64
configure:13735: checking if the linker (/usr/bin/ld -m elf_x86_64) is GNU ld
configure:13750: result: yes
configure:13805: checking whether the g++ linker (/usr/bin/ld -m elf_x86_64) supports shared libraries
configure:14878: result: yes
configure:14914: g++ -c -g -O2  conftest.cpp >&5
configure:14917: $? = 0
configure:15398: checking for g++ option to produce PIC
configure:15405: result: -fPIC -DPIC
configure:15413: checking if g++ PIC flag -fPIC -DPIC works
configure:15431: g++ -c -g -O2  -fPIC -DPIC -DPIC conftest.cpp >&5
configure:15435: $? = 0
configure:15448: result: yes
configure:15471: checking if g++ static flag -static works
configure:15499: result: yes
configure:15511: checking if g++ supports -c -o file.o
configure:15532: g++ -c -g -O2  -o out/conftest2.o conftest.cpp >&5
configure:15536: $? = 0
configure:15558: result: yes
configure:15563: checking if g++ supports -c -o file.o
configure:15610: result: yes
configure:15640: checking whether the g++ linker (/usr/bin/ld -m elf_x86_64) supports shared libraries
configure:15683: result: yes
configure:15824: checking dynamic linker characteristics
configure:16581: result: GNU/Linux ld.so
configure:16646: checking how to hardcode library paths into programs
configure:16671: result: immediate
configure:16713: checking dependency style of g++
configure:16824: result: gcc3
configure:16844: checking how to run the C preprocessor
configure:16914: result: gcc -E
configure:16934: gcc -E  conftest.c
configure:16934: $? = 0
configure:16948: gcc -E  conftest.c
conftest.c:28:10: fatal error: ac_nonexistent.h: No such file or directory
 #include <ac_nonexistent.h>
          ^~~~~~~~~~~~~~~~~~
compilation terminated.
configure:16948: $? = 1
configure: failed program was:
| /* confdefs.h */
| #define PACKAGE_NAME "ngtcp2"
| #define PACKAGE_TARNAME "ngtcp2"
| #define PACKAGE_VERSION "0.1.0-DEV"
| #define PACKAGE_STRING "ngtcp2 0.1.0-DEV"
| #define PACKAGE_BUGREPORT "t-tujikawa@users.sourceforge.net"
| #define PACKAGE_URL ""
| #define STDC_HEADERS 1
| #define HAVE_SYS_TYPES_H 1
| #define HAVE_SYS_STAT_H 1
| #define HAVE_STDLIB_H 1
| #define HAVE_STRING_H 1
| #define HAVE_MEMORY_H 1
| #define HAVE_STRINGS_H 1
| #define HAVE_INTTYPES_H 1
| #define HAVE_STDINT_H 1
| #define HAVE_UNISTD_H 1
| #define __EXTENSIONS__ 1
| #define _ALL_SOURCE 1
| #define _GNU_SOURCE 1
| #define _POSIX_PTHREAD_SEMANTICS 1
| #define _TANDEM_SOURCE 1
| #define HAVE_DLFCN_H 1
| #define LT_OBJDIR ".libs/"
| #define PACKAGE "ngtcp2"
| #define VERSION "0.1.0-DEV"
| /* end confdefs.h.  */
| #include <ac_nonexistent.h>
configure:16977: checking whether ln -s works
configure:16981: result: yes
configure:16988: checking whether make sets $(MAKE)
configure:17010: result: yes
configure:17075: checking for pkg-config
configure:17093: found /usr/bin/pkg-config
configure:17105: result: /usr/bin/pkg-config
configure:17130: checking pkg-config is at least version 0.20
configure:17133: result: yes
configure:17149: checking whether g++ supports C++14 features by default
configure:17563: g++ -c -g -O2  conftest.cpp >&5
configure:17563: $? = 0
configure:17570: result: yes
configure:18053: checking for CUNIT
configure:18060: $PKG_CONFIG --exists --print-errors "cunit >= 2.1"
configure:18063: $? = 0
configure:18077: $PKG_CONFIG --exists --print-errors "cunit >= 2.1"
configure:18080: $? = 0
configure:18118: result: yes
configure:18200: checking for OPENSSL
configure:18207: $PKG_CONFIG --exists --print-errors "openssl >= 1.1.1"
configure:18210: $? = 0
configure:18224: $PKG_CONFIG --exists --print-errors "openssl >= 1.1.1"
configure:18227: $? = 0
configure:18265: result: yes
configure:18278: checking for ev_time in -lev
configure:18303: gcc -o conftest -g -O2  -Wl,-rpath,/home/puneetkumar/multiplexing/openflow_quic/quic_code/../openssl/build/lib conftest.c -lev -lm  >&5
configure:18303: $? = 0
configure:18312: result: yes
configure:18321: checking ev.h usability
configure:18321: gcc -c -g -O2  conftest.c >&5
configure:18321: $? = 0
configure:18321: result: yes
configure:18321: checking ev.h presence
configure:18321: gcc -E  conftest.c
configure:18321: $? = 0
configure:18321: result: yes
configure:18321: checking for ev.h
configure:18321: result: yes
configure:18349: checking arpa/inet.h usability
configure:18349: gcc -c -g -O2  conftest.c >&5
configure:18349: $? = 0
configure:18349: result: yes
configure:18349: checking arpa/inet.h presence
configure:18349: gcc -E  conftest.c
configure:18349: $? = 0
configure:18349: result: yes
configure:18349: checking for arpa/inet.h
configure:18349: result: yes
configure:18349: checking stddef.h usability
configure:18349: gcc -c -g -O2  conftest.c >&5
configure:18349: $? = 0
configure:18349: result: yes
configure:18349: checking stddef.h presence
configure:18349: gcc -E  conftest.c
configure:18349: $? = 0
configure:18349: result: yes
configure:18349: checking for stddef.h
configure:18349: result: yes
configure:18349: checking for stdint.h
configure:18349: result: yes
configure:18349: checking for stdlib.h
configure:18349: result: yes
configure:18349: checking for string.h
configure:18349: result: yes
configure:18349: checking for unistd.h
configure:18349: result: yes
configure:18361: checking for size_t
configure:18361: gcc -c -g -O2  conftest.c >&5
configure:18361: $? = 0
configure:18361: gcc -c -g -O2  conftest.c >&5
conftest.c: In function 'main':
conftest.c:71:21: error: expected expression before ')' token
 if (sizeof ((size_t)))
                     ^
configure:18361: $? = 1
configure: failed program was:
| /* confdefs.h */
| #define PACKAGE_NAME "ngtcp2"
| #define PACKAGE_TARNAME "ngtcp2"
| #define PACKAGE_VERSION "0.1.0-DEV"
| #define PACKAGE_STRING "ngtcp2 0.1.0-DEV"
| #define PACKAGE_BUGREPORT "t-tujikawa@users.sourceforge.net"
| #define PACKAGE_URL ""
| #define STDC_HEADERS 1
| #define HAVE_SYS_TYPES_H 1
| #define HAVE_SYS_STAT_H 1
| #define HAVE_STDLIB_H 1
| #define HAVE_STRING_H 1
| #define HAVE_MEMORY_H 1
| #define HAVE_STRINGS_H 1
| #define HAVE_INTTYPES_H 1
| #define HAVE_STDINT_H 1
| #define HAVE_UNISTD_H 1
| #define __EXTENSIONS__ 1
| #define _ALL_SOURCE 1
| #define _GNU_SOURCE 1
| #define _POSIX_PTHREAD_SEMANTICS 1
| #define _TANDEM_SOURCE 1
| #define HAVE_DLFCN_H 1
| #define LT_OBJDIR ".libs/"
| #define PACKAGE "ngtcp2"
| #define VERSION "0.1.0-DEV"
| #define HAVE_CXX14 1
| #define HAVE_ARPA_INET_H 1
| #define HAVE_STDDEF_H 1
| #define HAVE_STDINT_H 1
| #define HAVE_STDLIB_H 1
| #define HAVE_STRING_H 1
| #define HAVE_UNISTD_H 1
| /* end confdefs.h.  */
| #include <stdio.h>
| #ifdef HAVE_SYS_TYPES_H
| # include <sys/types.h>
| #endif
| #ifdef HAVE_SYS_STAT_H
| # include <sys/stat.h>
| #endif
| #ifdef STDC_HEADERS
| # include <stdlib.h>
| # include <stddef.h>
| #else
| # ifdef HAVE_STDLIB_H
| #  include <stdlib.h>
| # endif
| #endif
| #ifdef HAVE_STRING_H
| # if !defined STDC_HEADERS && defined HAVE_MEMORY_H
| #  include <memory.h>
| # endif
| # include <string.h>
| #endif
| #ifdef HAVE_STRINGS_H
| # include <strings.h>
| #endif
| #ifdef HAVE_INTTYPES_H
| # include <inttypes.h>
| #endif
| #ifdef HAVE_STDINT_H
| # include <stdint.h>
| #endif
| #ifdef HAVE_UNISTD_H
| # include <unistd.h>
| #endif
| int
| main ()
| {
| if (sizeof ((size_t)))
| 	    return 0;
|   ;
|   return 0;
| }
configure:18361: result: yes
configure:18372: checking for ssize_t
configure:18372: gcc -c -g -O2  conftest.c >&5
configure:18372: $? = 0
configure:18372: gcc -c -g -O2  conftest.c >&5
conftest.c: In function 'main':
conftest.c:71:22: error: expected expression before ')' token
 if (sizeof ((ssize_t)))
                      ^
configure:18372: $? = 1
configure: failed program was:
| /* confdefs.h */
| #define PACKAGE_NAME "ngtcp2"
| #define PACKAGE_TARNAME "ngtcp2"
| #define PACKAGE_VERSION "0.1.0-DEV"
| #define PACKAGE_STRING "ngtcp2 0.1.0-DEV"
| #define PACKAGE_BUGREPORT "t-tujikawa@users.sourceforge.net"
| #define PACKAGE_URL ""
| #define STDC_HEADERS 1
| #define HAVE_SYS_TYPES_H 1
| #define HAVE_SYS_STAT_H 1
| #define HAVE_STDLIB_H 1
| #define HAVE_STRING_H 1
| #define HAVE_MEMORY_H 1
| #define HAVE_STRINGS_H 1
| #define HAVE_INTTYPES_H 1
| #define HAVE_STDINT_H 1
| #define HAVE_UNISTD_H 1
| #define __EXTENSIONS__ 1
| #define _ALL_SOURCE 1
| #define _GNU_SOURCE 1
| #define _POSIX_PTHREAD_SEMANTICS 1
| #define _TANDEM_SOURCE 1
| #define HAVE_DLFCN_H 1
| #define LT_OBJDIR ".libs/"
| #define PACKAGE "ngtcp2"
| #define VERSION "0.1.0-DEV"
| #define HAVE_CXX14 1
| #define HAVE_ARPA_INET_H 1
| #define HAVE_STDDEF_H 1
| #define HAVE_STDINT_H 1
| #define HAVE_STDLIB_H 1
| #define HAVE_STRING_H 1
| #define HAVE_UNISTD_H 1
| /* end confdefs.h.  */
| #include <stdio.h>
| #ifdef HAVE_SYS_TYPES_H
| # include <sys/types.h>
| #endif
| #ifdef HAVE_SYS_STAT_H
| # include <sys/stat.h>
| #endif
| #ifdef STDC_HEADERS
| # include <stdlib.h>
| # include <stddef.h>
| #else
| # ifdef HAVE_STDLIB_H
| #  include <stdlib.h>
| # endif
| #endif
| #ifdef HAVE_STRING_H
| # if !defined STDC_HEADERS && defined HAVE_MEMORY_H
| #  include <memory.h>
| # endif
| # include <string.h>
| #endif
| #ifdef HAVE_STRINGS_H
| # include <strings.h>
| #endif
| #ifdef HAVE_INTTYPES_H
| # include <inttypes.h>
| #endif
| #ifdef HAVE_STDINT_H
| # include <stdint.h>
| #endif
| #ifdef HAVE_UNISTD_H
| # include <unistd.h>
| #endif
| int
| main ()
| {
| if (sizeof ((ssize_t)))
| 	    return 0;
|   ;
|   return 0;
| }
configure:18372: result: yes
configure:18383: checking for uint8_t
configure:18383: gcc -c -g -O2  conftest.c >&5
configure:18383: $? = 0
configure:18383: result: yes
configure:18397: checking for uint16_t
configure:18397: gcc -c -g -O2  conftest.c >&5
configure:18397: $? = 0
configure:18397: result: yes
configure:18409: checking for uint32_t
configure:18409: gcc -c -g -O2  conftest.c >&5
configure:18409: $? = 0
configure:18409: result: yes
configure:18423: checking for uint64_t
configure:18423: gcc -c -g -O2  conftest.c >&5
configure:18423: $? = 0
configure:18423: result: yes
configure:18437: checking for int8_t
configure:18437: gcc -c -g -O2  conftest.c >&5
configure:18437: $? = 0
configure:18437: gcc -c -g -O2  conftest.c >&5
conftest.c: In function 'main':
conftest.c:72:12: error: size of array 'test_array' is negative
 static int test_array [1 - 2 * !((int8_t) (((((int8_t) 1 << N) << N) - 1) * 2 + 1)
            ^~~~~~~~~~
configure:18437: $? = 1
configure: failed program was:
| /* confdefs.h */
| #define PACKAGE_NAME "ngtcp2"
| #define PACKAGE_TARNAME "ngtcp2"
| #define PACKAGE_VERSION "0.1.0-DEV"
| #define PACKAGE_STRING "ngtcp2 0.1.0-DEV"
| #define PACKAGE_BUGREPORT "t-tujikawa@users.sourceforge.net"
| #define PACKAGE_URL ""
| #define STDC_HEADERS 1
| #define HAVE_SYS_TYPES_H 1
| #define HAVE_SYS_STAT_H 1
| #define HAVE_STDLIB_H 1
| #define HAVE_STRING_H 1
| #define HAVE_MEMORY_H 1
| #define HAVE_STRINGS_H 1
| #define HAVE_INTTYPES_H 1
| #define HAVE_STDINT_H 1
| #define HAVE_UNISTD_H 1
| #define __EXTENSIONS__ 1
| #define _ALL_SOURCE 1
| #define _GNU_SOURCE 1
| #define _POSIX_PTHREAD_SEMANTICS 1
| #define _TANDEM_SOURCE 1
| #define HAVE_DLFCN_H 1
| #define LT_OBJDIR ".libs/"
| #define PACKAGE "ngtcp2"
| #define VERSION "0.1.0-DEV"
| #define HAVE_CXX14 1
| #define HAVE_ARPA_INET_H 1
| #define HAVE_STDDEF_H 1
| #define HAVE_STDINT_H 1
| #define HAVE_STDLIB_H 1
| #define HAVE_STRING_H 1
| #define HAVE_UNISTD_H 1
| /* end confdefs.h.  */
| #include <stdio.h>
| #ifdef HAVE_SYS_TYPES_H
| # include <sys/types.h>
| #endif
| #ifdef HAVE_SYS_STAT_H
| # include <sys/stat.h>
| #endif
| #ifdef STDC_HEADERS
| # include <stdlib.h>
| # include <stddef.h>
| #else
| # ifdef HAVE_STDLIB_H
| #  include <stdlib.h>
| # endif
| #endif
| #ifdef HAVE_STRING_H
| # if !defined STDC_HEADERS && defined HAVE_MEMORY_H
| #  include <memory.h>
| # endif
| # include <string.h>
| #endif
| #ifdef HAVE_STRINGS_H
| # include <strings.h>
| #endif
| #ifdef HAVE_INTTYPES_H
| # include <inttypes.h>
| #endif
| #ifdef HAVE_STDINT_H
| # include <stdint.h>
| #endif
| #ifdef HAVE_UNISTD_H
| # include <unistd.h>
| #endif
| 	        enum { N = 8 / 2 - 1 };
| int
| main ()
| {
| static int test_array [1 - 2 * !((int8_t) (((((int8_t) 1 << N) << N) - 1) * 2 + 1)
| 		 < (int8_t) (((((int8_t) 1 << N) << N) - 1) * 2 + 2))];
| test_array [0] = 0;
| return test_array [0];
| 
|   ;
|   return 0;
| }
configure:18437: result: yes
configure:18448: checking for int16_t
configure:18448: gcc -c -g -O2  conftest.c >&5
configure:18448: $? = 0
configure:18448: gcc -c -g -O2  conftest.c >&5
conftest.c: In function 'main':
conftest.c:72:12: error: size of array 'test_array' is negative
 static int test_array [1 - 2 * !((int16_t) (((((int16_t) 1 << N) << N) - 1) * 2 + 1)
            ^~~~~~~~~~
configure:18448: $? = 1
configure: failed program was:
| /* confdefs.h */
| #define PACKAGE_NAME "ngtcp2"
| #define PACKAGE_TARNAME "ngtcp2"
| #define PACKAGE_VERSION "0.1.0-DEV"
| #define PACKAGE_STRING "ngtcp2 0.1.0-DEV"
| #define PACKAGE_BUGREPORT "t-tujikawa@users.sourceforge.net"
| #define PACKAGE_URL ""
| #define STDC_HEADERS 1
| #define HAVE_SYS_TYPES_H 1
| #define HAVE_SYS_STAT_H 1
| #define HAVE_STDLIB_H 1
| #define HAVE_STRING_H 1
| #define HAVE_MEMORY_H 1
| #define HAVE_STRINGS_H 1
| #define HAVE_INTTYPES_H 1
| #define HAVE_STDINT_H 1
| #define HAVE_UNISTD_H 1
| #define __EXTENSIONS__ 1
| #define _ALL_SOURCE 1
| #define _GNU_SOURCE 1
| #define _POSIX_PTHREAD_SEMANTICS 1
| #define _TANDEM_SOURCE 1
| #define HAVE_DLFCN_H 1
| #define LT_OBJDIR ".libs/"
| #define PACKAGE "ngtcp2"
| #define VERSION "0.1.0-DEV"
| #define HAVE_CXX14 1
| #define HAVE_ARPA_INET_H 1
| #define HAVE_STDDEF_H 1
| #define HAVE_STDINT_H 1
| #define HAVE_STDLIB_H 1
| #define HAVE_STRING_H 1
| #define HAVE_UNISTD_H 1
| /* end confdefs.h.  */
| #include <stdio.h>
| #ifdef HAVE_SYS_TYPES_H
| # include <sys/types.h>
| #endif
| #ifdef HAVE_SYS_STAT_H
| # include <sys/stat.h>
| #endif
| #ifdef STDC_HEADERS
| # include <stdlib.h>
| # include <stddef.h>
| #else
| # ifdef HAVE_STDLIB_H
| #  include <stdlib.h>
| # endif
| #endif
| #ifdef HAVE_STRING_H
| # if !defined STDC_HEADERS && defined HAVE_MEMORY_H
| #  include <memory.h>
| # endif
| # include <string.h>
| #endif
| #ifdef HAVE_STRINGS_H
| # include <strings.h>
| #endif
| #ifdef HAVE_INTTYPES_H
| # include <inttypes.h>
| #endif
| #ifdef HAVE_STDINT_H
| # include <stdint.h>
| #endif
| #ifdef HAVE_UNISTD_H
| # include <unistd.h>
| #endif
| 	        enum { N = 16 / 2 - 1 };
| int
| main ()
| {
| static int test_array [1 - 2 * !((int16_t) (((((int16_t) 1 << N) << N) - 1) * 2 + 1)
| 		 < (int16_t) (((((int16_t) 1 << N) << N) - 1) * 2 + 2))];
| test_array [0] = 0;
| return test_array [0];
| 
|   ;
|   return 0;
| }
configure:18448: result: yes
configure:18459: checking for int32_t
configure:18459: gcc -c -g -O2  conftest.c >&5
configure:18459: $? = 0
configure:18459: gcc -c -g -O2  conftest.c >&5
conftest.c: In function 'main':
conftest.c:73:53: warning: integer overflow in expression [-Woverflow]
    < (int32_t) (((((int32_t) 1 << N) << N) - 1) * 2 + 2))];
                                                     ^
conftest.c:72:12: error: storage size of 'test_array' isn't constant
 static int test_array [1 - 2 * !((int32_t) (((((int32_t) 1 << N) << N) - 1) * 2 + 1)
            ^~~~~~~~~~
configure:18459: $? = 1
configure: failed program was:
| /* confdefs.h */
| #define PACKAGE_NAME "ngtcp2"
| #define PACKAGE_TARNAME "ngtcp2"
| #define PACKAGE_VERSION "0.1.0-DEV"
| #define PACKAGE_STRING "ngtcp2 0.1.0-DEV"
| #define PACKAGE_BUGREPORT "t-tujikawa@users.sourceforge.net"
| #define PACKAGE_URL ""
| #define STDC_HEADERS 1
| #define HAVE_SYS_TYPES_H 1
| #define HAVE_SYS_STAT_H 1
| #define HAVE_STDLIB_H 1
| #define HAVE_STRING_H 1
| #define HAVE_MEMORY_H 1
| #define HAVE_STRINGS_H 1
| #define HAVE_INTTYPES_H 1
| #define HAVE_STDINT_H 1
| #define HAVE_UNISTD_H 1
| #define __EXTENSIONS__ 1
| #define _ALL_SOURCE 1
| #define _GNU_SOURCE 1
| #define _POSIX_PTHREAD_SEMANTICS 1
| #define _TANDEM_SOURCE 1
| #define HAVE_DLFCN_H 1
| #define LT_OBJDIR ".libs/"
| #define PACKAGE "ngtcp2"
| #define VERSION "0.1.0-DEV"
| #define HAVE_CXX14 1
| #define HAVE_ARPA_INET_H 1
| #define HAVE_STDDEF_H 1
| #define HAVE_STDINT_H 1
| #define HAVE_STDLIB_H 1
| #define HAVE_STRING_H 1
| #define HAVE_UNISTD_H 1
| /* end confdefs.h.  */
| #include <stdio.h>
| #ifdef HAVE_SYS_TYPES_H
| # include <sys/types.h>
| #endif
| #ifdef HAVE_SYS_STAT_H
| # include <sys/stat.h>
| #endif
| #ifdef STDC_HEADERS
| # include <stdlib.h>
| # include <stddef.h>
| #else
| # ifdef HAVE_STDLIB_H
| #  include <stdlib.h>
| # endif
| #endif
| #ifdef HAVE_STRING_H
| # if !defined STDC_HEADERS && defined HAVE_MEMORY_H
| #  include <memory.h>
| # endif
| # include <string.h>
| #endif
| #ifdef HAVE_STRINGS_H
| # include <strings.h>
| #endif
| #ifdef HAVE_INTTYPES_H
| # include <inttypes.h>
| #endif
| #ifdef HAVE_STDINT_H
| # include <stdint.h>
| #endif
| #ifdef HAVE_UNISTD_H
| # include <unistd.h>
| #endif
| 	        enum { N = 32 / 2 - 1 };
| int
| main ()
| {
| static int test_array [1 - 2 * !((int32_t) (((((int32_t) 1 << N) << N) - 1) * 2 + 1)
| 		 < (int32_t) (((((int32_t) 1 << N) << N) - 1) * 2 + 2))];
| test_array [0] = 0;
| return test_array [0];
| 
|   ;
|   return 0;
| }
configure:18459: result: yes
configure:18470: checking for int64_t
configure:18470: gcc -c -g -O2  conftest.c >&5
configure:18470: $? = 0
configure:18470: gcc -c -g -O2  conftest.c >&5
conftest.c: In function 'main':
conftest.c:73:53: warning: integer overflow in expression [-Woverflow]
    < (int64_t) (((((int64_t) 1 << N) << N) - 1) * 2 + 2))];
                                                     ^
conftest.c:72:12: error: storage size of 'test_array' isn't constant
 static int test_array [1 - 2 * !((int64_t) (((((int64_t) 1 << N) << N) - 1) * 2 + 1)
            ^~~~~~~~~~
configure:18470: $? = 1
configure: failed program was:
| /* confdefs.h */
| #define PACKAGE_NAME "ngtcp2"
| #define PACKAGE_TARNAME "ngtcp2"
| #define PACKAGE_VERSION "0.1.0-DEV"
| #define PACKAGE_STRING "ngtcp2 0.1.0-DEV"
| #define PACKAGE_BUGREPORT "t-tujikawa@users.sourceforge.net"
| #define PACKAGE_URL ""
| #define STDC_HEADERS 1
| #define HAVE_SYS_TYPES_H 1
| #define HAVE_SYS_STAT_H 1
| #define HAVE_STDLIB_H 1
| #define HAVE_STRING_H 1
| #define HAVE_MEMORY_H 1
| #define HAVE_STRINGS_H 1
| #define HAVE_INTTYPES_H 1
| #define HAVE_STDINT_H 1
| #define HAVE_UNISTD_H 1
| #define __EXTENSIONS__ 1
| #define _ALL_SOURCE 1
| #define _GNU_SOURCE 1
| #define _POSIX_PTHREAD_SEMANTICS 1
| #define _TANDEM_SOURCE 1
| #define HAVE_DLFCN_H 1
| #define LT_OBJDIR ".libs/"
| #define PACKAGE "ngtcp2"
| #define VERSION "0.1.0-DEV"
| #define HAVE_CXX14 1
| #define HAVE_ARPA_INET_H 1
| #define HAVE_STDDEF_H 1
| #define HAVE_STDINT_H 1
| #define HAVE_STDLIB_H 1
| #define HAVE_STRING_H 1
| #define HAVE_UNISTD_H 1
| /* end confdefs.h.  */
| #include <stdio.h>
| #ifdef HAVE_SYS_TYPES_H
| # include <sys/types.h>
| #endif
| #ifdef HAVE_SYS_STAT_H
| # include <sys/stat.h>
| #endif
| #ifdef STDC_HEADERS
| # include <stdlib.h>
| # include <stddef.h>
| #else
| # ifdef HAVE_STDLIB_H
| #  include <stdlib.h>
| # endif
| #endif
| #ifdef HAVE_STRING_H
| # if !defined STDC_HEADERS && defined HAVE_MEMORY_H
| #  include <memory.h>
| # endif
| # include <string.h>
| #endif
| #ifdef HAVE_STRINGS_H
| # include <strings.h>
| #endif
| #ifdef HAVE_INTTYPES_H
| # include <inttypes.h>
| #endif
| #ifdef HAVE_STDINT_H
| # include <stdint.h>
| #endif
| #ifdef HAVE_UNISTD_H
| # include <unistd.h>
| #endif
| 	        enum { N = 64 / 2 - 1 };
| int
| main ()
| {
| static int test_array [1 - 2 * !((int64_t) (((((int64_t) 1 << N) << N) - 1) * 2 + 1)
| 		 < (int64_t) (((((int64_t) 1 << N) << N) - 1) * 2 + 2))];
| test_array [0] = 0;
| return test_array [0];
| 
|   ;
|   return 0;
| }
configure:18470: result: yes
configure:18481: checking for off_t
configure:18481: gcc -c -g -O2  conftest.c >&5
configure:18481: $? = 0
configure:18481: gcc -c -g -O2  conftest.c >&5
conftest.c: In function 'main':
conftest.c:71:20: error: expected expression before ')' token
 if (sizeof ((off_t)))
                    ^
configure:18481: $? = 1
configure: failed program was:
| /* confdefs.h */
| #define PACKAGE_NAME "ngtcp2"
| #define PACKAGE_TARNAME "ngtcp2"
| #define PACKAGE_VERSION "0.1.0-DEV"
| #define PACKAGE_STRING "ngtcp2 0.1.0-DEV"
| #define PACKAGE_BUGREPORT "t-tujikawa@users.sourceforge.net"
| #define PACKAGE_URL ""
| #define STDC_HEADERS 1
| #define HAVE_SYS_TYPES_H 1
| #define HAVE_SYS_STAT_H 1
| #define HAVE_STDLIB_H 1
| #define HAVE_STRING_H 1
| #define HAVE_MEMORY_H 1
| #define HAVE_STRINGS_H 1
| #define HAVE_INTTYPES_H 1
| #define HAVE_STDINT_H 1
| #define HAVE_UNISTD_H 1
| #define __EXTENSIONS__ 1
| #define _ALL_SOURCE 1
| #define _GNU_SOURCE 1
| #define _POSIX_PTHREAD_SEMANTICS 1
| #define _TANDEM_SOURCE 1
| #define HAVE_DLFCN_H 1
| #define LT_OBJDIR ".libs/"
| #define PACKAGE "ngtcp2"
| #define VERSION "0.1.0-DEV"
| #define HAVE_CXX14 1
| #define HAVE_ARPA_INET_H 1
| #define HAVE_STDDEF_H 1
| #define HAVE_STDINT_H 1
| #define HAVE_STDLIB_H 1
| #define HAVE_STRING_H 1
| #define HAVE_UNISTD_H 1
| /* end confdefs.h.  */
| #include <stdio.h>
| #ifdef HAVE_SYS_TYPES_H
| # include <sys/types.h>
| #endif
| #ifdef HAVE_SYS_STAT_H
| # include <sys/stat.h>
| #endif
| #ifdef STDC_HEADERS
| # include <stdlib.h>
| # include <stddef.h>
| #else
| # ifdef HAVE_STDLIB_H
| #  include <stdlib.h>
| # endif
| #endif
| #ifdef HAVE_STRING_H
| # if !defined STDC_HEADERS && defined HAVE_MEMORY_H
| #  include <memory.h>
| # endif
| # include <string.h>
| #endif
| #ifdef HAVE_STRINGS_H
| # include <strings.h>
| #endif
| #ifdef HAVE_INTTYPES_H
| # include <inttypes.h>
| #endif
| #ifdef HAVE_STDINT_H
| # include <stdint.h>
| #endif
| #ifdef HAVE_UNISTD_H
| # include <unistd.h>
| #endif
| int
| main ()
| {
| if (sizeof ((off_t)))
| 	    return 0;
|   ;
|   return 0;
| }
configure:18481: result: yes
configure:18492: checking for pid_t
configure:18492: gcc -c -g -O2  conftest.c >&5
configure:18492: $? = 0
configure:18492: gcc -c -g -O2  conftest.c >&5
conftest.c: In function 'main':
conftest.c:71:20: error: expected expression before ')' token
 if (sizeof ((pid_t)))
                    ^
configure:18492: $? = 1
configure: failed program was:
| /* confdefs.h */
| #define PACKAGE_NAME "ngtcp2"
| #define PACKAGE_TARNAME "ngtcp2"
| #define PACKAGE_VERSION "0.1.0-DEV"
| #define PACKAGE_STRING "ngtcp2 0.1.0-DEV"
| #define PACKAGE_BUGREPORT "t-tujikawa@users.sourceforge.net"
| #define PACKAGE_URL ""
| #define STDC_HEADERS 1
| #define HAVE_SYS_TYPES_H 1
| #define HAVE_SYS_STAT_H 1
| #define HAVE_STDLIB_H 1
| #define HAVE_STRING_H 1
| #define HAVE_MEMORY_H 1
| #define HAVE_STRINGS_H 1
| #define HAVE_INTTYPES_H 1
| #define HAVE_STDINT_H 1
| #define HAVE_UNISTD_H 1
| #define __EXTENSIONS__ 1
| #define _ALL_SOURCE 1
| #define _GNU_SOURCE 1
| #define _POSIX_PTHREAD_SEMANTICS 1
| #define _TANDEM_SOURCE 1
| #define HAVE_DLFCN_H 1
| #define LT_OBJDIR ".libs/"
| #define PACKAGE "ngtcp2"
| #define VERSION "0.1.0-DEV"
| #define HAVE_CXX14 1
| #define HAVE_ARPA_INET_H 1
| #define HAVE_STDDEF_H 1
| #define HAVE_STDINT_H 1
| #define HAVE_STDLIB_H 1
| #define HAVE_STRING_H 1
| #define HAVE_UNISTD_H 1
| /* end confdefs.h.  */
| #include <stdio.h>
| #ifdef HAVE_SYS_TYPES_H
| # include <sys/types.h>
| #endif
| #ifdef HAVE_SYS_STAT_H
| # include <sys/stat.h>
| #endif
| #ifdef STDC_HEADERS
| # include <stdlib.h>
| # include <stddef.h>
| #else
| # ifdef HAVE_STDLIB_H
| #  include <stdlib.h>
| # endif
| #endif
| #ifdef HAVE_STRING_H
| # if !defined STDC_HEADERS && defined HAVE_MEMORY_H
| #  include <memory.h>
| # endif
| # include <string.h>
| #endif
| #ifdef HAVE_STRINGS_H
| # include <strings.h>
| #endif
| #ifdef HAVE_INTTYPES_H
| # include <inttypes.h>
| #endif
| #ifdef HAVE_STDINT_H
| # include <stdint.h>
| #endif
| #ifdef HAVE_UNISTD_H
| # include <unistd.h>
| #endif
| int
| main ()
| {
| if (sizeof ((pid_t)))
| 	    return 0;
|   ;
|   return 0;
| }
configure:18492: result: yes
configure:18503: checking for uid_t in sys/types.h
configure:18522: result: yes
configure:18533: checking for ptrdiff_t
configure:18533: gcc -c -g -O2  conftest.c >&5
configure:18533: $? = 0
configure:18533: gcc -c -g -O2  conftest.c >&5
conftest.c: In function 'main':
conftest.c:71:24: error: expected expression before ')' token
 if (sizeof ((ptrdiff_t)))
                        ^
configure:18533: $? = 1
configure: failed program was:
| /* confdefs.h */
| #define PACKAGE_NAME "ngtcp2"
| #define PACKAGE_TARNAME "ngtcp2"
| #define PACKAGE_VERSION "0.1.0-DEV"
| #define PACKAGE_STRING "ngtcp2 0.1.0-DEV"
| #define PACKAGE_BUGREPORT "t-tujikawa@users.sourceforge.net"
| #define PACKAGE_URL ""
| #define STDC_HEADERS 1
| #define HAVE_SYS_TYPES_H 1
| #define HAVE_SYS_STAT_H 1
| #define HAVE_STDLIB_H 1
| #define HAVE_STRING_H 1
| #define HAVE_MEMORY_H 1
| #define HAVE_STRINGS_H 1
| #define HAVE_INTTYPES_H 1
| #define HAVE_STDINT_H 1
| #define HAVE_UNISTD_H 1
| #define __EXTENSIONS__ 1
| #define _ALL_SOURCE 1
| #define _GNU_SOURCE 1
| #define _POSIX_PTHREAD_SEMANTICS 1
| #define _TANDEM_SOURCE 1
| #define HAVE_DLFCN_H 1
| #define LT_OBJDIR ".libs/"
| #define PACKAGE "ngtcp2"
| #define VERSION "0.1.0-DEV"
| #define HAVE_CXX14 1
| #define HAVE_ARPA_INET_H 1
| #define HAVE_STDDEF_H 1
| #define HAVE_STDINT_H 1
| #define HAVE_STDLIB_H 1
| #define HAVE_STRING_H 1
| #define HAVE_UNISTD_H 1
| /* end confdefs.h.  */
| #include <stdio.h>
| #ifdef HAVE_SYS_TYPES_H
| # include <sys/types.h>
| #endif
| #ifdef HAVE_SYS_STAT_H
| # include <sys/stat.h>
| #endif
| #ifdef STDC_HEADERS
| # include <stdlib.h>
| # include <stddef.h>
| #else
| # ifdef HAVE_STDLIB_H
| #  include <stdlib.h>
| # endif
| #endif
| #ifdef HAVE_STRING_H
| # if !defined STDC_HEADERS && defined HAVE_MEMORY_H
| #  include <memory.h>
| # endif
| # include <string.h>
| #endif
| #ifdef HAVE_STRINGS_H
| # include <strings.h>
| #endif
| #ifdef HAVE_INTTYPES_H
| # include <inttypes.h>
| #endif
| #ifdef HAVE_STDINT_H
| # include <stdint.h>
| #endif
| #ifdef HAVE_UNISTD_H
| # include <unistd.h>
| #endif
| int
| main ()
| {
| if (sizeof ((ptrdiff_t)))
| 	    return 0;
|   ;
|   return 0;
| }
configure:18533: result: yes
configure:18543: checking whether byte ordering is bigendian
configure:18558: gcc -c -g -O2  conftest.c >&5
conftest.c:37:9: error: unknown type name 'not'
         not a universal capable compiler
         ^~~
conftest.c:37:15: error: expected '=', ',', ';', 'asm' or '__attribute__' before 'universal'
         not a universal capable compiler
               ^~~~~~~~~
conftest.c:37:15: error: unknown type name 'universal'
configure:18558: $? = 1
configure: failed program was:
| /* confdefs.h */
| #define PACKAGE_NAME "ngtcp2"
| #define PACKAGE_TARNAME "ngtcp2"
| #define PACKAGE_VERSION "0.1.0-DEV"
| #define PACKAGE_STRING "ngtcp2 0.1.0-DEV"
| #define PACKAGE_BUGREPORT "t-tujikawa@users.sourceforge.net"
| #define PACKAGE_URL ""
| #define STDC_HEADERS 1
| #define HAVE_SYS_TYPES_H 1
| #define HAVE_SYS_STAT_H 1
| #define HAVE_STDLIB_H 1
| #define HAVE_STRING_H 1
| #define HAVE_MEMORY_H 1
| #define HAVE_STRINGS_H 1
| #define HAVE_INTTYPES_H 1
| #define HAVE_STDINT_H 1
| #define HAVE_UNISTD_H 1
| #define __EXTENSIONS__ 1
| #define _ALL_SOURCE 1
| #define _GNU_SOURCE 1
| #define _POSIX_PTHREAD_SEMANTICS 1
| #define _TANDEM_SOURCE 1
| #define HAVE_DLFCN_H 1
| #define LT_OBJDIR ".libs/"
| #define PACKAGE "ngtcp2"
| #define VERSION "0.1.0-DEV"
| #define HAVE_CXX14 1
| #define HAVE_ARPA_INET_H 1
| #define HAVE_STDDEF_H 1
| #define HAVE_STDINT_H 1
| #define HAVE_STDLIB_H 1
| #define HAVE_STRING_H 1
| #define HAVE_UNISTD_H 1
| #define HAVE_PTRDIFF_T 1
| /* end confdefs.h.  */
| #ifndef __APPLE_CC__
| 	       not a universal capable compiler
| 	     #endif
| 	     typedef int dummy;
| 
configure:18603: gcc -c -g -O2  conftest.c >&5
configure:18603: $? = 0
configure:18621: gcc -c -g -O2  conftest.c >&5
conftest.c: In function 'main':
conftest.c:43:4: error: unknown type name 'not'; did you mean 'ino_t'?
    not big endian
    ^~~
    ino_t
conftest.c:43:12: error: expected '=', ',', ';', 'asm' or '__attribute__' before 'endian'
    not big endian
            ^~~~~~
configure:18621: $? = 1
configure: failed program was:
| /* confdefs.h */
| #define PACKAGE_NAME "ngtcp2"
| #define PACKAGE_TARNAME "ngtcp2"
| #define PACKAGE_VERSION "0.1.0-DEV"
| #define PACKAGE_STRING "ngtcp2 0.1.0-DEV"
| #define PACKAGE_BUGREPORT "t-tujikawa@users.sourceforge.net"
| #define PACKAGE_URL ""
| #define STDC_HEADERS 1
| #define HAVE_SYS_TYPES_H 1
| #define HAVE_SYS_STAT_H 1
| #define HAVE_STDLIB_H 1
| #define HAVE_STRING_H 1
| #define HAVE_MEMORY_H 1
| #define HAVE_STRINGS_H 1
| #define HAVE_INTTYPES_H 1
| #define HAVE_STDINT_H 1
| #define HAVE_UNISTD_H 1
| #define __EXTENSIONS__ 1
| #define _ALL_SOURCE 1
| #define _GNU_SOURCE 1
| #define _POSIX_PTHREAD_SEMANTICS 1
| #define _TANDEM_SOURCE 1
| #define HAVE_DLFCN_H 1
| #define LT_OBJDIR ".libs/"
| #define PACKAGE "ngtcp2"
| #define VERSION "0.1.0-DEV"
| #define HAVE_CXX14 1
| #define HAVE_ARPA_INET_H 1
| #define HAVE_STDDEF_H 1
| #define HAVE_STDINT_H 1
| #define HAVE_STDLIB_H 1
| #define HAVE_STRING_H 1
| #define HAVE_UNISTD_H 1
| #define HAVE_PTRDIFF_T 1
| /* end confdefs.h.  */
| #include <sys/types.h>
| 		#include <sys/param.h>
| 
| int
| main ()
| {
| #if BYTE_ORDER != BIG_ENDIAN
| 		 not big endian
| 		#endif
| 
|   ;
|   return 0;
| }
configure:18749: result: no
configure:18767: checking for inline
configure:18783: gcc -c -g -O2  conftest.c >&5
configure:18783: $? = 0
configure:18791: result: inline
configure:18816: checking for special C compiler options needed for large files
configure:18861: result: no
configure:18867: checking for _FILE_OFFSET_BITS value needed for large files
configure:18892: gcc -c -g -O2  conftest.c >&5
configure:18892: $? = 0
configure:18924: result: no
configure:19017: checking for memmove
configure:19017: gcc -o conftest -g -O2  -Wl,-rpath,/home/puneetkumar/multiplexing/openflow_quic/quic_code/../openssl/build/lib conftest.c  >&5
conftest.c:59:6: warning: conflicting types for built-in function 'memmove' [-Wbuiltin-declaration-mismatch]
 char memmove ();
      ^~~~~~~
configure:19017: $? = 0
configure:19017: result: yes
configure:19017: checking for memset
configure:19017: gcc -o conftest -g -O2  -Wl,-rpath,/home/puneetkumar/multiplexing/openflow_quic/quic_code/../openssl/build/lib conftest.c  >&5
conftest.c:60:6: warning: conflicting types for built-in function 'memset' [-Wbuiltin-declaration-mismatch]
 char memset ();
      ^~~~~~
configure:19017: $? = 0
configure:19017: result: yes
configure:20728: checking whether C compiler accepts -fvisibility=hidden
configure:20747: gcc -c -g -O2  -fvisibility=hidden  conftest.c >&5
configure:20747: $? = 0
configure:20755: result: yes
configure:20884: checking that generated files are newer than configure
configure:20890: result: done
configure:20922: creating ./config.status

## ---------------------- ##
## Running config.status. ##
## ---------------------- ##

This file was extended by ngtcp2 config.status 0.1.0-DEV, which was
generated by GNU Autoconf 2.69.  Invocation command line was

  CONFIG_FILES    = 
  CONFIG_HEADERS  = 
  CONFIG_LINKS    = 
  CONFIG_COMMANDS = 
  $ ./config.status 

on ubuntu

config.status:1193: creating Makefile
config.status:1193: creating lib/Makefile
config.status:1193: creating lib/libngtcp2.pc
config.status:1193: creating lib/includes/Makefile
config.status:1193: creating lib/includes/ngtcp2/version.h
config.status:1193: creating tests/Makefile
config.status:1193: creating third-party/Makefile
config.status:1193: creating examples/Makefile
config.status:1193: creating config.h
config.status:1374: config.h is unchanged
config.status:1422: executing libtool commands
config.status:1422: executing depfiles commands
configure:23368: summary of build options:

    Package version: 0.1.0-DEV
    Library version: 0:0:0
    Install prefix:  /usr/local
    System types:
      Build:         x86_64-pc-linux-gnu
      Host:          x86_64-pc-linux-gnu
      Target:        x86_64-pc-linux-gnu
    Compiler:
      C preprocessor: gcc -E
      CPPFLAGS:       
      C compiler:     gcc
      CFLAGS:         -g -O2
      C++ compiler:   g++
      CXXFLAGS:       -g -O2
      LDFLAGS:        -Wl,-rpath,/home/puneetkumar/multiplexing/openflow_quic/quic_code/../openssl/build/lib
      WARNCFLAGS:     
      WARNCXXFLAGS:   
      EXTRACFLAG:     -fvisibility=hidden
      LIBS:           
    Library:
      Shared:         yes
      Static:         yes
    Test:
      CUnit:          yes (CFLAGS='' LIBS='-lcunit')
    Debug:
      Debug:          no (CFLAGS='')
    Libs:
      OpenSSL:        yes (CFLAGS='-I/home/puneetkumar/multiplexing/openflow_quic/openssl/build/include' LIBS='-L/home/puneetkumar/multiplexing/openflow_quic/openssl/build/lib -lssl -lcrypto')
      Libev:          yes (CFLAGS='' LIBS='-lev')


## ---------------- ##
## Cache variables. ##
## ---------------- ##

ac_cv_build=x86_64-pc-linux-gnu
ac_cv_c_bigendian=no
ac_cv_c_compiler_gnu=yes
ac_cv_c_inline=inline
ac_cv_c_int16_t=yes
ac_cv_c_int32_t=yes
ac_cv_c_int64_t=yes
ac_cv_c_int8_t=yes
ac_cv_c_uint16_t=yes
ac_cv_c_uint32_t=yes
ac_cv_c_uint64_t=yes
ac_cv_c_uint8_t=yes
ac_cv_cxx_compiler_gnu=yes
ac_cv_env_CCC_set=
ac_cv_env_CCC_value=
ac_cv_env_CC_set=
ac_cv_env_CC_value=
ac_cv_env_CFLAGS_set=
ac_cv_env_CFLAGS_value=
ac_cv_env_CPPFLAGS_set=
ac_cv_env_CPPFLAGS_value=
ac_cv_env_CPP_set=
ac_cv_env_CPP_value=
ac_cv_env_CUNIT_CFLAGS_set=
ac_cv_env_CUNIT_CFLAGS_value=
ac_cv_env_CUNIT_LIBS_set=
ac_cv_env_CUNIT_LIBS_value=
ac_cv_env_CXXCPP_set=
ac_cv_env_CXXCPP_value=
ac_cv_env_CXXFLAGS_set=
ac_cv_env_CXXFLAGS_value=
ac_cv_env_CXX_set=
ac_cv_env_CXX_value=
ac_cv_env_LDFLAGS_set=set
ac_cv_env_LDFLAGS_value=-Wl,-rpath,/home/puneetkumar/multiplexing/openflow_quic/quic_code/../openssl/build/lib
ac_cv_env_LIBS_set=
ac_cv_env_LIBS_value=
ac_cv_env_LT_SYS_LIBRARY_PATH_set=
ac_cv_env_LT_SYS_LIBRARY_PATH_value=
ac_cv_env_OPENSSL_CFLAGS_set=
ac_cv_env_OPENSSL_CFLAGS_value=
ac_cv_env_OPENSSL_LIBS_set=
ac_cv_env_OPENSSL_LIBS_value=
ac_cv_env_PKG_CONFIG_LIBDIR_set=
ac_cv_env_PKG_CONFIG_LIBDIR_value=
ac_cv_env_PKG_CONFIG_PATH_set=set
ac_cv_env_PKG_CONFIG_PATH_value=/home/puneetkumar/multiplexing/openflow_quic/quic_code/../openssl/build/lib/pkgconfig
ac_cv_env_PKG_CONFIG_set=
ac_cv_env_PKG_CONFIG_value=
ac_cv_env_build_alias_set=
ac_cv_env_build_alias_value=
ac_cv_env_host_alias_set=
ac_cv_env_host_alias_value=
ac_cv_env_target_alias_set=
ac_cv_env_target_alias_value=
ac_cv_func_memmove=yes
ac_cv_func_memset=yes
ac_cv_header_arpa_inet_h=yes
ac_cv_header_dlfcn_h=yes
ac_cv_header_ev_h=yes
ac_cv_header_inttypes_h=yes
ac_cv_header_memory_h=yes
ac_cv_header_minix_config_h=no
ac_cv_header_stdc=yes
ac_cv_header_stddef_h=yes
ac_cv_header_stdint_h=yes
ac_cv_header_stdlib_h=yes
ac_cv_header_string_h=yes
ac_cv_header_strings_h=yes
ac_cv_header_sys_stat_h=yes
ac_cv_header_sys_types_h=yes
ac_cv_header_unistd_h=yes
ac_cv_host=x86_64-pc-linux-gnu
ac_cv_lib_ev_ev_time=yes
ac_cv_objext=o
ac_cv_path_EGREP='/bin/grep -E'
ac_cv_path_FGREP='/bin/grep -F'
ac_cv_path_GREP=/bin/grep
ac_cv_path_SED=/bin/sed
ac_cv_path_ac_pt_PKG_CONFIG=/usr/bin/pkg-config
ac_cv_path_install='/usr/bin/install -c'
ac_cv_path_lt_DD=/bin/dd
ac_cv_path_mkdir=/bin/mkdir
ac_cv_prog_AWK=gawk
ac_cv_prog_CPP='gcc -E'
ac_cv_prog_CXXCPP='g++ -E'
ac_cv_prog_ac_ct_AR=ar
ac_cv_prog_ac_ct_CC=gcc
ac_cv_prog_ac_ct_CXX=g++
ac_cv_prog_ac_ct_MANIFEST_TOOL=mt
ac_cv_prog_ac_ct_OBJDUMP=objdump
ac_cv_prog_ac_ct_RANLIB=ranlib
ac_cv_prog_ac_ct_STRIP=strip
ac_cv_prog_cc_c89=
ac_cv_prog_cc_g=yes
ac_cv_prog_cxx_g=yes
ac_cv_prog_make_make_set=yes
ac_cv_safe_to_define___extensions__=yes
ac_cv_sys_file_offset_bits=no
ac_cv_sys_largefile_CC=no
ac_cv_target=x86_64-pc-linux-gnu
ac_cv_type_off_t=yes
ac_cv_type_pid_t=yes
ac_cv_type_ptrdiff_t=yes
ac_cv_type_size_t=yes
ac_cv_type_ssize_t=yes
ac_cv_type_uid_t=yes
am_cv_CC_dependencies_compiler_type=gcc3
am_cv_CXX_dependencies_compiler_type=gcc3
am_cv_make_support_nested_variables=yes
am_cv_prog_cc_c_o=yes
ax_cv_check_cflags___fvisibility_hidden=yes
ax_cv_cxx_compile_cxx14=yes
lt_cv_ar_at_file=@
lt_cv_archive_cmds_need_lc=no
lt_cv_deplibs_check_method=pass_all
lt_cv_file_magic_cmd='$MAGIC_CMD'
lt_cv_file_magic_test_file=
lt_cv_ld_reload_flag=-r
lt_cv_nm_interface='BSD nm'
lt_cv_objdir=.libs
lt_cv_path_LD=/usr/bin/ld
lt_cv_path_LDCXX='/usr/bin/ld -m elf_x86_64'
lt_cv_path_NM='/usr/bin/nm -B'
lt_cv_path_mainfest_tool=no
lt_cv_prog_compiler_c_o=yes
lt_cv_prog_compiler_c_o_CXX=yes
lt_cv_prog_compiler_pic='-fPIC -DPIC'
lt_cv_prog_compiler_pic_CXX='-fPIC -DPIC'
lt_cv_prog_compiler_pic_works=yes
lt_cv_prog_compiler_pic_works_CXX=yes
lt_cv_prog_compiler_rtti_exceptions=no
lt_cv_prog_compiler_static_works=yes
lt_cv_prog_compiler_static_works_CXX=yes
lt_cv_prog_gnu_ld=yes
lt_cv_prog_gnu_ldcxx=yes
lt_cv_sharedlib_from_linklib_cmd='printf %s\n'
lt_cv_shlibpath_overrides_runpath=yes
lt_cv_sys_global_symbol_pipe='sed -n -e '\''s/^.*[	 ]\([ABCDGIRSTW][ABCDGIRSTW]*\)[	 ][	 ]*\([_A-Za-z][_A-Za-z0-9]*\)$/\1 \2 \2/p'\'' | sed '\''/ __gnu_lto/d'\'''
lt_cv_sys_global_symbol_to_c_name_address='sed -n -e '\''s/^: \(.*\) .*$/  {"\1", (void *) 0},/p'\'' -e '\''s/^[ABCDGIRSTW][ABCDGIRSTW]* .* \(.*\)$/  {"\1", (void *) \&\1},/p'\'''
lt_cv_sys_global_symbol_to_c_name_address_lib_prefix='sed -n -e '\''s/^: \(.*\) .*$/  {"\1", (void *) 0},/p'\'' -e '\''s/^[ABCDGIRSTW][ABCDGIRSTW]* .* \(lib.*\)$/  {"\1", (void *) \&\1},/p'\'' -e '\''s/^[ABCDGIRSTW][ABCDGIRSTW]* .* \(.*\)$/  {"lib\1", (void *) \&\1},/p'\'''
lt_cv_sys_global_symbol_to_cdecl='sed -n -e '\''s/^T .* \(.*\)$/extern int \1();/p'\'' -e '\''s/^[ABCDGIRSTW][ABCDGIRSTW]* .* \(.*\)$/extern char \1;/p'\'''
lt_cv_sys_global_symbol_to_import=
lt_cv_sys_max_cmd_len=1572864
lt_cv_to_host_file_cmd=func_convert_file_noop
lt_cv_to_tool_file_cmd=func_convert_file_noop
lt_cv_truncate_bin='/bin/dd bs=4096 count=1'
pkg_cv_CUNIT_CFLAGS=
pkg_cv_CUNIT_LIBS=-lcunit
pkg_cv_OPENSSL_CFLAGS=-I/home/puneetkumar/multiplexing/openflow_quic/openssl/build/include
pkg_cv_OPENSSL_LIBS='-L/home/puneetkumar/multiplexing/openflow_quic/openssl/build/lib -lssl -lcrypto'

## ----------------- ##
## Output variables. ##
## ----------------- ##

ACLOCAL='${SHELL} /home/puneetkumar/multiplexing/openflow_quic/quic_code/missing aclocal-1.15'
AMDEPBACKSLASH='\'
AMDEP_FALSE='#'
AMDEP_TRUE=''
AMTAR='$${TAR-tar}'
AM_BACKSLASH='\'
AM_DEFAULT_V='$(AM_DEFAULT_VERBOSITY)'
AM_DEFAULT_VERBOSITY='0'
AM_V='$(V)'
AR='ar'
AUTOCONF='${SHELL} /home/puneetkumar/multiplexing/openflow_quic/quic_code/missing autoconf'
AUTOHEADER='${SHELL} /home/puneetkumar/multiplexing/openflow_quic/quic_code/missing autoheader'
AUTOMAKE='${SHELL} /home/puneetkumar/multiplexing/openflow_quic/quic_code/missing automake-1.15'
AWK='gawk'
CC='gcc'
CCDEPMODE='depmode=gcc3'
CFLAGS='-g -O2'
CPP='gcc -E'
CPPFLAGS=''
CUNIT_CFLAGS=''
CUNIT_LIBS='-lcunit'
CXX='g++'
CXXCPP='g++ -E'
CXXDEPMODE='depmode=gcc3'
CXXFLAGS='-g -O2'
CYGPATH_W='echo'
DEBUGCFLAGS=''
DEFS='-DHAVE_CONFIG_H'
DEPDIR='.deps'
DLLTOOL='false'
DSYMUTIL=''
DUMPBIN=''
ECHO_C=''
ECHO_N='-n'
ECHO_T=''
EGREP='/bin/grep -E'
EXEEXT=''
EXTRACFLAG='-fvisibility=hidden'
FGREP='/bin/grep -F'
GREP='/bin/grep'
HAVE_CUNIT_FALSE='#'
HAVE_CUNIT_TRUE=''
HAVE_CXX14='1'
INSTALL_DATA='${INSTALL} -m 644'
INSTALL_PROGRAM='${INSTALL}'
INSTALL_SCRIPT='${INSTALL}'
INSTALL_STRIP_PROGRAM='$(install_sh) -c -s'
LD='/usr/bin/ld -m elf_x86_64'
LDFLAGS='-Wl,-rpath,/home/puneetkumar/multiplexing/openflow_quic/quic_code/../openssl/build/lib'
LIBEV_CFLAGS=''
LIBEV_LIBS='-lev'
LIBOBJS=''
LIBS=''
LIBTOOL='$(SHELL) $(top_builddir)/libtool'
LIPO=''
LN_S='ln -s'
LTLIBOBJS=''
LT_AGE='0'
LT_CURRENT='0'
LT_REVISION='0'
LT_SYS_LIBRARY_PATH=''
MAKEINFO='${SHELL} /home/puneetkumar/multiplexing/openflow_quic/quic_code/missing makeinfo'
MANIFEST_TOOL=':'
MKDIR_P='/bin/mkdir -p'
NM='/usr/bin/nm -B'
NMEDIT=''
OBJDUMP='objdump'
OBJEXT='o'
OPENSSL_CFLAGS='-I/home/puneetkumar/multiplexing/openflow_quic/openssl/build/include'
OPENSSL_LIBS='-L/home/puneetkumar/multiplexing/openflow_quic/openssl/build/lib -lssl -lcrypto'
OTOOL64=''
OTOOL=''
PACKAGE='ngtcp2'
PACKAGE_BUGREPORT='t-tujikawa@users.sourceforge.net'
PACKAGE_NAME='ngtcp2'
PACKAGE_STRING='ngtcp2 0.1.0-DEV'
PACKAGE_TARNAME='ngtcp2'
PACKAGE_URL=''
PACKAGE_VERSION='0.1.0-DEV'
PACKAGE_VERSION_NUM='0x000100'
PATH_SEPARATOR=':'
PKG_CONFIG='/usr/bin/pkg-config'
PKG_CONFIG_LIBDIR=''
PKG_CONFIG_PATH='/home/puneetkumar/multiplexing/openflow_quic/quic_code/../openssl/build/lib/pkgconfig'
RANLIB='ranlib'
SED='/bin/sed'
SET_MAKE=''
SHELL='/bin/bash'
STRIP='strip'
VERSION='0.1.0-DEV'
WARNCFLAGS=''
WARNCXXFLAGS=''
ac_ct_AR='ar'
ac_ct_CC='gcc'
ac_ct_CXX='g++'
ac_ct_DUMPBIN=''
am__EXEEXT_FALSE=''
am__EXEEXT_TRUE='#'
am__fastdepCC_FALSE='#'
am__fastdepCC_TRUE=''
am__fastdepCXX_FALSE='#'
am__fastdepCXX_TRUE=''
am__include='include'
am__isrc=''
am__leading_dot='.'
am__nodep='_no'
am__quote=''
am__tar='$${TAR-tar} chof - "$$tardir"'
am__untar='$${TAR-tar} xf -'
bindir='${exec_prefix}/bin'
build='x86_64-pc-linux-gnu'
build_alias=''
build_cpu='x86_64'
build_os='linux-gnu'
build_vendor='pc'
datadir='${datarootdir}'
datarootdir='${prefix}/share'
docdir='${datarootdir}/doc/${PACKAGE_TARNAME}'
dvidir='${docdir}'
exec_prefix='${prefix}'
host='x86_64-pc-linux-gnu'
host_alias=''
host_cpu='x86_64'
host_os='linux-gnu'
host_vendor='pc'
htmldir='${docdir}'
includedir='${prefix}/include'
infodir='${datarootdir}/info'
install_sh='${SHELL} /home/puneetkumar/multiplexing/openflow_quic/quic_code/install-sh'
libdir='${exec_prefix}/lib'
libexecdir='${exec_prefix}/libexec'
localedir='${datarootdir}/locale'
localstatedir='${prefix}/var'
mandir='${datarootdir}/man'
mkdir_p='$(MKDIR_P)'
oldincludedir='/usr/include'
pdfdir='${docdir}'
prefix='/usr/local'
program_transform_name='s,x,x,'
psdir='${docdir}'
runstatedir='${localstatedir}/run'
sbindir='${exec_prefix}/sbin'
sharedstatedir='${prefix}/com'
sysconfdir='${prefix}/etc'
target='x86_64-pc-linux-gnu'
target_alias=''
target_cpu='x86_64'
target_os='linux-gnu'
target_vendor='pc'

## ----------- ##
## confdefs.h. ##
## ----------- ##

/* confdefs.h */
#define PACKAGE_NAME "ngtcp2"
#define PACKAGE_TARNAME "ngtcp2"
#define PACKAGE_VERSION "0.1.0-DEV"
#define PACKAGE_STRING "ngtcp2 0.1.0-DEV"
#define PACKAGE_BUGREPORT "t-tujikawa@users.sourceforge.net"
#define PACKAGE_URL ""
#define STDC_HEADERS 1
#define HAVE_SYS_TYPES_H 1
#define HAVE_SYS_STAT_H 1
#define HAVE_STDLIB_H 1
#define HAVE_STRING_H 1
#define HAVE_MEMORY_H 1
#define HAVE_STRINGS_H 1
#define HAVE_INTTYPES_H 1
#define HAVE_STDINT_H 1
#define HAVE_UNISTD_H 1
#define __EXTENSIONS__ 1
#define _ALL_SOURCE 1
#define _GNU_SOURCE 1
#define _POSIX_PTHREAD_SEMANTICS 1
#define _TANDEM_SOURCE 1
#define HAVE_DLFCN_H 1
#define LT_OBJDIR ".libs/"
#define PACKAGE "ngtcp2"
#define VERSION "0.1.0-DEV"
#define HAVE_CXX14 1
#define HAVE_ARPA_INET_H 1
#define HAVE_STDDEF_H 1
#define HAVE_STDINT_H 1
#define HAVE_STDLIB_H 1
#define HAVE_STRING_H 1
#define HAVE_UNISTD_H 1
#define HAVE_PTRDIFF_T 1
#define HAVE_MEMMOVE 1
#define HAVE_MEMSET 1

configure: exit 0

## ---------------------- ##
## Running config.status. ##
## ---------------------- ##

This file was extended by ngtcp2 config.status 0.1.0-DEV, which was
generated by GNU Autoconf 2.69.  Invocation command line was

  CONFIG_FILES    = 
  CONFIG_HEADERS  = 
  CONFIG_LINKS    = 
  CONFIG_COMMANDS = 
  $ ./config.status config.h

on ubuntu

config.status:1193: creating config.h
config.status:1374: config.h is unchanged
